         w __deregister_frame_info
         w __register_frame_info
         w userAppExit
         w userAppInit
00000000 00000802 B __ctru_dev_utf16_buf
00000000 a shift
00000000 a shift
00000000 A __sync_synchronize
00000000 b _TLS_MODULE_BASE_
00000804 00000401 B __ctru_dev_path_buf
00100000 A __start__
00100000 T _start
00100008 T __service_ptr
0010000c T __apt_appid
00100010 T __heap_size
00100014 T __linear_heap_size
00100018 T __system_arglist
0010001c T __system_runflags
00100020 t startup
00100058 t ClearMem
0010006c t ClrLoop
00100094 T _init
001000ac T __aeabi_uidiv
001000ac 000001ec T __udivsi3
001000ac t .udivsi3_skip_div0_test
00100298 00000020 T __aeabi_uidivmod
001002b8 T __aeabi_idiv
001002b8 00000220 T __divsi3
001002c0 t .divsi3_skip_div0_test
001004d8 00000020 T __aeabi_idivmod
001004f8 00000004 W __aeabi_idiv0
001004f8 00000004 W __aeabi_ldiv0
001004fc T __aeabi_drsub
00100504 000002b0 T __aeabi_dsub
00100504 000002b0 T __subdf3
00100508 000002ac T __adddf3
00100508 000002ac T __aeabi_dadd
001007b4 00000024 T __aeabi_ui2d
001007b4 00000024 T __floatunsidf
001007d8 00000028 T __aeabi_i2d
001007d8 00000028 T __floatsidf
00100800 00000048 T __aeabi_f2d
00100800 00000048 T __extendsfdf2
00100848 00000074 T __aeabi_ul2d
00100848 00000074 T __floatundidf
0010085c 00000060 T __aeabi_l2d
0010085c 00000060 T __floatdidf
001008bc T __aeabi_ldivmod
001009a8 00000390 T strcmp
00100d30 t __do_global_dtors_aux
00100d80 t frame_dummy
00100dac 00000048 T initGraphics
00100df4 0000002c T loadSprites
00100e20 00000010 T freeSprites
00100e30 00000040 T updateInput
00100e70 000000dc T main
00100f50 00000070 T initPlayer
00100fc0 000000ac T drawPlayer
00101070 000001a8 T movePlayer
00101218 00000868 T drawRays3D
00101a80 00000020 T initMapValues
00101aa0 0000004c T generateMap
00101aec 00000160 T drawMap2D
00101c4c 00000044 t C2Di_FrameEndHook
00101c90 00000368 T C2D_Init
00101ff8 000000bc T C2D_Prepare
001020b4 00000048 T C2D_Flush
001020fc 000000fc T C2D_SceneSize
001021f8 00000060 T C2D_CreateScreenTarget
00102258 00000060 T C2D_TargetClear
001022b8 0000014c T C2Di_CalcQuad
00102404 00000054 T C2Di_AppendQuad
00102458 00000738 T C2Di_Update
00102b90 000002e8 T C2D_DrawImage
00102e78 000001e0 T C2D_DrawLine
00103058 00000168 T C2D_DrawRectangle
001031c0 00000068 T C2D_SpriteSheetLoadFromHandle
00103228 00000048 T C2D_SpriteSheetLoad
00103270 00000028 T C2D_SpriteSheetFree
00103298 00000028 T C2D_SpriteSheetGetImage
001032c0 00000028 T AttrInfo_Init
001032e8 00000094 T AttrInfo_AddLoader
0010337c 00000054 T C3D_SetAttrInfo
001033d0 00000080 T C3Di_AttrInfoBind
00103450 00000004 W C3Di_LightEnvUpdate
00103454 00000004 W C3Di_LightEnvDirty
00103458 000000b4 t C3Di_AptEventHook
0010350c 00000004 W C3Di_GasUpdate
00103510 000001d0 T C3D_Init
001036e0 00000098 T C3D_SetViewport
00103778 000004e8 T C3Di_UpdateContext
00103c60 000000e0 T C3Di_SplitFrame
00103d40 00000194 T C3D_BindProgram
00103ed4 00000024 T BufInfo_Init
00103ef8 00000080 T BufInfo_Add
00103f78 0000003c T C3D_SetBufInfo
00103fb4 00000048 T C3Di_BufInfoBind
00103ffc 0000021c T C3D_DrawElements
00104218 00000040 T C3D_DepthMap
00104258 0000001c T C3D_CullFace
00104274 00000040 T C3D_StencilTest
001042b4 00000024 T C3D_StencilOp
001042d8 0000001c T C3D_BlendingColor
001042f4 00000024 T C3D_EarlyDepthTest
00104318 0000002c T C3D_DepthTest
00104344 0000002c T C3D_AlphaTest
00104370 00000050 T C3D_AlphaBlend
001043c0 00000030 T C3D_FragOpMode
001043f0 00000044 T C3D_FragOpShadow
00104434 000001ac T C3Di_EffectBind
001045e0 0000001c T C3D_CalcColorBufSize
001045fc 0000001c T C3D_CalcDepthBufSize
00104618 00000044 T C3D_SetFrameBuf
0010465c 0000016c T C3Di_FrameBufBind
001047c8 000000c8 T C3D_FrameBufClear
00104890 00000044 T C3D_FrameBufTransfer
001048d4 000000a8 T C3D_ImmSendAttrib
0010497c 00000070 T C3D_ProcTexInit
001049ec 00000054 T C3D_ProcTexBind
00104a40 0000005c T C3D_ProcTexLutBind
00104a9c 000000a4 T ProcTexLut_FromArray
00104b40 00000178 T C3Di_ProcTexUpdate
00104cb8 00000068 T C3Di_ProcTexDirty
00104d20 0000004c t onVBlank0
00104d6c 0000004c t onVBlank1
00104db8 000000f4 t onQueueFinish
00104eac 00000038 T C3Di_RenderQueueEnableVBlank
00104ee4 00000030 T C3Di_RenderQueueDisableVBlank
00104f14 00000060 T C3Di_RenderQueueInit
00104f74 00000034 T C3Di_RenderQueueWaitDone
00104fa8 000000e8 T C3D_FrameBegin
00105090 00000048 T C3D_FrameDrawOn
001050d8 00000058 T C3D_FrameSplit
00105130 000001d0 T C3D_FrameEnd
00105300 0000001c T C3D_FrameEndHook
0010531c 00000170 T C3D_RenderTargetCreate
0010548c 000000a8 T C3D_RenderTargetSetOutput
00105534 000000fc T C3D_SyncTextureCopy
00105630 000003d8 t Tex3DSi_ImportCommon
00105a08 00000038 T Tex3DS_TextureImportStdio
00105a40 0000001c T Tex3DS_GetSubTexture
00105a5c 00000004 T Tex3DS_TextureFree
00105a60 00000034 T C3D_GetTexEnv
00105a94 00000024 T C3Di_TexEnvBind
00105ab8 00000290 T C3D_TexInitWithParams
00105d48 000000c8 T C3D_TexLoadImage
00105e10 00000044 T C3D_TexBind
00105e54 00000074 T C3D_TexDelete
00105ec8 0000014c T C3Di_SetTex
00106014 00000290 T C3D_UpdateUniforms
001062a4 000000c0 T C3Di_DirtyUniforms
00106364 000000d8 T C3Di_LoadShaderUniforms
0010643c 00000028 T C3Di_ClearShaderUniforms
00106464 000000cc T Mtx_Ortho
00106530 000000cc T Mtx_OrthoTilt
001065fc 00000024 t addrMapNodeComparator(rbtree_node const*, rbtree_node const*)
00106620 00000004 t addrMapNodeDestructor(rbtree_node*)
00106624 0000012c T linearMemAlign
00106750 00000008 T linearAlloc
00106758 0000005c T linearFree
001067b4 00000088 T MemPool::CoalesceRight(MemBlock*)
0010683c 00000178 T MemPool::Allocate(MemChunk&, unsigned long, int)
001069b4 00000118 T MemPool::Deallocate(MemChunk const&)
00106acc 00000030 T MemPool::GetFreeSpace()
00106afc 00000024 t addrMapNodeComparator(rbtree_node const*, rbtree_node const*)
00106b20 00000004 t addrMapNodeDestructor(rbtree_node*)
00106b24 00000248 T vramMemAlignAt
00106d6c 0000000c T vramAlloc
00106d78 0000000c T vramAllocAt
00106d84 00000094 T vramFree
00106e18 000000cc t gfxPresentFramebuffer
00106ee4 0000001c T gfxIsWide
00106f00 000000f8 T gfxSetScreenFormat
00106ff8 000000d8 T gfxInit
001070d0 00000010 T gfxInitDefault
001070e0 000000a0 T gfxGetFramebuffer
00107180 00000028 T gfxScreenSwapBuffers
001071a8 00000074 T osConvertVirtToPhys
0010721c 00000054 T osGetTimeRef
00107270 000000ec T osGetTime
0010735c 00000034 T __ctru_speedup_config
00107390 00000008 t romfs_close
00107398 000000ac t romfs_seek
00107444 00000024 t romfs_dirreset
00107468 000000c0 t fill_dir
00107528 000002ac t romfs_dirnext
001077d4 00000074 t romfs_free
00107848 000000d0 t searchForFile.constprop.0
00107918 000000d4 t searchForDir.constprop.0
001079ec 000001c0 t navigateToDir.constprop.0
00107bac 00000114 t romfs_open
00107cc0 0000004c t romfs_chdir
00107d0c 00000068 t romfs_diropen
00107d74 00000178 t romfs_stat
00107eec 00000008 t romfs_dirclose
00107ef8 0000007c t romfs_fstat
00107f74 000000d0 t romfs_read
00108044 00000294 T romfsMountFromFile
001082d8 00000098 T romfsMountFromCurrentProcess
00108370 00000258 T romfsMountSelf
001085c8 0000013c T GPUCMD_Add
00108704 000000b0 T GPUCMD_Split
001087b4 00000034 T f32tof16
001087e8 00000034 T f32tof24
0010881c 00000038 T f32tof31
00108854 00000010 T GX_BindQueue
00108864 0000007c T GX_ProcessCommandList
001088e0 00000074 T GX_MemoryFill
00108954 00000074 T GX_DisplayTransfer
001089c8 00000078 T GX_TextureCopy
00108a40 00000064 t gxCmdQueueDoCommands.part.0
00108aa4 000000e4 T gxCmdQueueInterrupt
00108b88 00000068 T gxCmdQueueClear
00108bf0 00000108 T gxCmdQueueAdd
00108cf8 00000080 T gxCmdQueueRun
00108d78 00000064 T gxCmdQueueStop
00108ddc 000000ac T gxCmdQueueWait
00108e88 000001e0 T shaderInstanceInit
00109068 00000018 T shaderInstanceGetUniformLocation
00109080 0000001c T shaderProgramInit
0010909c 00000094 T shaderProgramSetVsh
00109130 000008d0 T shaderProgramConfigure
00109a00 000001dc t DVLE_GenerateOutmap.part.0
00109bdc 000001ac T DVLB_ParseFile
00109d88 00000074 T DVLE_GetUniformRegister
00109dfc 00000180 t aptConvertScreenForCapture
00109f7c 00000008 W aptDspSleep
00109f84 00000004 W aptDspWakeup
00109f88 00000004 W aptDspCancel
00109f8c 00000138 T aptSendCommand
0010a0c8 00000044 t aptExitProcess
0010a10c 00000394 T aptExit
0010a4a0 000000d8 T aptHandleSleep
0010a578 00000034 T aptHook
0010a5ac 00000084 T APT_SleepIfShellClosed
0010a630 00000078 T aptSetSleepAllowed
0010a6a8 00000084 T APT_UnlockTransition
0010a730 00000470 t aptEventHandler
0010aba0 000000bc T APT_ReceiveParameter
0010ac5c 000000b0 t aptReceiveParameter.constprop.0
0010ad10 00000294 t aptScreenTransfer
0010afa4 000002d0 t aptWaitForWakeUp.isra.0
0010b274 000000f4 T aptJumpToHomeMenu
0010b368 00000058 T aptMainLoop
0010b3c0 00000240 T aptInit
0010b600 00000090 T APT_CheckNew3DS
0010b690 00000104 T fsInit
0010b794 0000003c T fsExit
0010b7d0 00000068 T fsExemptFromSession
0010b838 00000050 T fsUnexemptFromSession
0010b888 000000cc T FSUSER_OpenFile
0010b954 000000cc T FSUSER_OpenFileDirectly
0010ba20 000000b8 T FSUSER_DeleteFile
0010bad8 000000f4 T FSUSER_RenameFile
0010bbcc 000000b8 T FSUSER_DeleteDirectory
0010bc84 000000d0 T FSUSER_CreateFile
0010bd54 000000c0 T FSUSER_CreateDirectory
0010be14 000000f4 T FSUSER_RenameDirectory
0010bf08 000000b4 T FSUSER_OpenDirectory
0010bfbc 00000090 T FSUSER_OpenArchive
0010c04c 0000008c T FSUSER_CloseArchive
0010c0d8 00000074 T FSUSER_GetSdmcArchiveResource
0010c14c 00000064 T FSUSER_IsSdmcWritable
0010c1b0 00000064 T FSFILE_Read
0010c214 0000006c T FSFILE_Write
0010c280 00000044 T FSFILE_GetSize
0010c2c4 00000028 T FSFILE_SetSize
0010c2ec 0000003c T FSFILE_Close
0010c328 00000024 T FSFILE_Flush
0010c34c 00000060 T FSDIR_Read
0010c3ac 0000003c T FSDIR_Close
0010c3e8 00000c70 t gspHardwareInit
0010d058 00000288 T gspInit
0010d2e0 000000a4 T gspPresentBuffer
0010d384 00000030 T gspSetEventCallback
0010d3b4 00000050 T gspWaitForEvent
0010d404 0000004c T gspWaitForAnyEvent
0010d450 00000154 t gspEventThreadMain
0010d5a4 0000012c T gspSubmitGxCommand
0010d6d0 00000050 T GSPGPU_FlushDataCache
0010d720 00000034 T GSPGPU_SetLcdForceBlack
0010d754 00000084 T GSPGPU_AcquireRight
0010d7d8 00000064 T GSPGPU_ReleaseRight
0010d83c 0000007c T GSPGPU_ImportDisplayCaptureInfo
0010d8b8 0000002c T GSPGPU_SaveVramSysArea
0010d8e4 0000002c T GSPGPU_RestoreVramSysArea
0010d910 00000024 W hidShouldUseIrrst
0010d934 000001cc T hidInit
0010db00 000000e8 T hidExit
0010dbe8 000002a0 T hidScanInput
0010de88 00000010 T hidKeysHeld
0010de98 00000010 T hidKeysDown
0010dea8 00000018 T hidKeysDownRepeat
0010dec0 00000010 T hidKeysUp
0010ded0 00000018 T hidTouchRead
0010dee8 000001a4 T irrstInit
0010e08c 000000dc T irrstExit
0010e168 000000b4 T irrstScanInput
0010e21c 00000024 T irrstKeysHeld
0010e240 00000078 T ptmSysmInit
0010e2b8 0000003c T ptmSysmExit
0010e2f4 00000034 T PTMSYSM_ConfigureNew3DSCPU
0010e328 000000e0 t buffer_read
0010e408 000000cc t iov_read
0010e4d4 00000164 t iov_memmove
0010e638 000001e0 t decompress_rle
0010e818 00000264 t decompress_lzss
0010ea7c 00000418 t decompress_lz11
0010ee94 0000033c t decompress_huff.isra.0
0010f1d0 00000010 T decompressCallback_Stdio
0010f1e0 000000e4 T decompressHeader
0010f2c4 0000021c T decompressV
0010f4e0 00000074 T rbtree_find
0010f554 00000010 T rbtree_init
0010f564 00000198 t do_insert
0010f6fc 00000008 T rbtree_insert
0010f704 00000310 T rbtree_remove
0010fa14 00000090 T rbtree_rotate
0010faa4 000000e8 T utf16_to_utf8
0010fb8c 000000c0 T utf8_to_utf16
0010fc50 000001e8 W __system_allocateHeaps
0010fe38 00000038 W __libctru_init
0010fe70 0000016c W __system_initArgv
0010ffdc 00000030 T __syscall_getreent
0011000c 00000064 T __syscall_gettod_r
00110070 00000004 T __syscall_lock_acquire
00110074 00000004 T __syscall_lock_release
00110078 00000004 T __syscall_lock_acquire_recursive
0011007c 00000004 T __syscall_lock_release_recursive
00110080 00000004 T __syscall_exit
00110084 00000054 T initThreadVars
001100d8 00000080 T __system_initSyscalls
00110158 T svcControlMemory
00110178 T svcQueryMemory
001101a8 T svcExitProcess
001101b0 T svcCreateThread
001101d0 T svcExitThread
001101d8 T svcSleepThread
001101e0 T svcReleaseMutex
001101e8 T svcCreateEvent
001101fc T svcSignalEvent
00110204 T svcClearEvent
0011020c T svcMapMemoryBlock
00110214 T svcUnmapMemoryBlock
0011021c T svcCreateAddressArbiter
00110230 T svcArbitrateAddressNoTimeout
00110238 T svcCloseHandle
00110240 T svcWaitSynchronization
00110248 T svcWaitSynchronizationN
00110270 T svcDuplicateHandle
00110284 T svcGetSystemTick
0011028c T svcConnectToPort
001102a0 T svcSendSyncRequest
001102a8 T svcGetResourceLimit
001102bc T svcGetResourceLimitLimitValues
001102c4 T svcGetResourceLimitCurrentValues
001102cc T svcBreak
001102d4 T __aeabi_read_tp
001102e0 W initSystem
00110330 W __ctru_exit
00110344 0000008c W envGetHandle
001103d0 00000050 W envDestroyHandles
00110420 00000164 T srvInit
00110584 00000064 T srvExit
001105e8 00000060 T srvEnableNotification
00110648 000000a0 T srvGetServiceHandleDirect
001106e8 00000048 T srvGetServiceHandle
00110730 00000034 T srvSubscribe
00110764 00000060 T srvReceiveNotification
001107c4 00000038 T srvPublishToSubscriber
001107fc 0000000c T __sync_init
00110808 00000018 T __sync_fini
00110820 00000028 T syncArbitrateAddress
00110848 000000ac T LightLock_Lock
001108f4 00000040 T LightLock_Unlock
00110934 00000054 T RecursiveLock_Lock
00110988 00000054 T RecursiveLock_Unlock
001109dc 00000044 T LightEvent_Init
00110a20 000000b8 T LightEvent_Clear
00110ad8 000000dc T LightEvent_Signal
00110bb4 00000050 T LightEvent_TryWait
00110c04 000000ac T LightEvent_Wait
00110cb0 000001fc T threadCreate
00110eac 00000038 T threadFree
00110ee4 00000024 T threadJoin
00110f08 00000030 T threadGetCurrent
00110f38 00000040 T threadExit
00110f78 00000020 t _thread_begin
00110f98 00000090 t mappableFindAddressWithin
00111028 00000028 T mappableInit
00111050 0000007c T mappableAlloc
001110cc 00000004 T mappableFree
001110d0 0000000c T srvPmGetSessionHandle
001110dc 00000060 T rbtree_node_next
0011113c 00000054 T decode_utf16
00111190 00000140 T decode_utf8
001112d0 00000054 T encode_utf16
00111324 000000e0 T encode_utf8
00111404 00000030 W __appExit
00111434 00000030 W __appInit
00111464 00000090 W __libctru_exit
001114f4 00000024 t error_cmp
00111518 00000050 t archive_translate_error
00111568 000000c0 t archive_seek
00111628 00000078 t _archiveInit.part.0
001116a0 00000110 t archiveFindDevice.part.0
001117b0 00000298 t archive_utf16path
00111a48 00000098 t _archiveUnmountDeviceStruct.part.0
00111ae0 00000178 t _archiveMountDevice
00111c58 000000f8 t archive_diropen
00111d50 000000ac t archive_fstat
00111dfc 00000074 t archive_fsync
00111e70 00000074 t archive_close
00111ee4 00000078 t archive_dirclose
00111f5c 000000ec t sdmc_statvfs
00112048 000000f8 t archive_chdir
00112140 0000008c t archive_ftruncate
001121cc 000000bc t archive_read
00112288 000000a8 t archive_unlink
00112330 000000c0 t archive_rmdir
001123f0 000000d8 t archive_mkdir
001124c8 000001a0 t archive_stat
00112668 00000164 t archive_dirnext
001127cc 0000013c t archive_write
00112908 00000254 t archive_open
00112b5c 00000270 t archive_rename
00112dcc 000001c8 T archiveMountSdmc
00112f94 00000054 T archiveUnmountAll
00112fe8 00000264 T sinf
00113250 000000b0 T sin
00113300 00000310 T __ieee754_rem_pio2
00113610 000008b8 T __kernel_rem_pio2
00113ec8 00000140 T scalbn
00114008 00000058 T sqrt
00114060 000000c0 T __kernel_sin
00114120 000000a8 T cos
001141c8 00000008 T __ieee754_sqrt
001141d0 00000024 t with_errnof
001141f4 0000001c T __math_invalidf
00114210 00000144 T floor
00114358 0000025c T cosf
001145b8 00000078 T tan
00114630 00000150 T __kernel_cos
00114780 00000014 T fabs
00114798 00000290 T __kernel_tan
00114a28 00000130 T __udivmoddi4
00114b58 000000e4 T strncat
00114c3c 00000128 T memcpy
00114d64 0000008c T strlen
00114df0 00000334 T _fread_r
00115124 00000038 T fread
0011515c 00000078 T bsearch
001151d4 00000134 T _fopen_r
00115308 00000028 T fopen
00115330 00000028 T memalign
00115358 000001ec t _strtoul_l.isra.0
00115544 0000003c T strtoul
00115580 00000140 T strchr
001156c0 000000d8 T memcmp
00115798 00000028 T calloc
001157c0 0000016c T _memalign_r
0011592c 0000000c T __errno
00115938 00000164 T __smakebuf_r
00115a9c 00000090 T __swhatbuf_r
00115b2c 000000e4 T memset
00115c10 000000d8 T _calloc_r
00115ce8 0000022c T __sflush_r
00115f14 000000c4 T _fflush_r
00115fd8 0000082c T _malloc_r
00116804 00000114 T _malloc_trim_r
00116918 00000314 T _free_r
00116c2c 00000294 T setvbuf
00116ec0 0000001c t stdio_exit_handler
00116edc 0000005c t cleanup_stdio
00116f38 00000154 t global_stdio_init.part.0
0011708c 00000138 T __sfp
001171c4 0000005c T __sinit
00117220 0000000c T __sfp_lock_acquire
0011722c 0000000c T __sfp_lock_release
00117238 00000084 T __libc_init_array
001172bc 000000d4 T strncpy
00117390 0000001c T _fseek_r
001173ac 00000040 T malloc
001173ec 00000020 T free
0011740c 00000044 T __sread
00117450 00000068 T __swrite
001174b8 00000040 T __sseek
001174f8 00000008 T __sclose
00117500 0000000c T __malloc_lock
0011750c 0000000c T __malloc_unlock
00117518 00000588 T _fseeko_r
00117aa0 00000148 T _fclose_r
00117be8 00000020 T fclose
00117c08 00000048 T time
00117c50 00000004 W __call_exitprocs
00117c54 00000030 T exit
00117c84 000000b8 T __sflags
00117d3c 0000003c T __libc_fini_array
00117d78 0000003c T strnlen
00117db4 000000d8 T strncmp
00117e8c 00000038 t lflush
00117ec4 000001a8 T __srefill_r
0011806c 00000070 T _fwalk_sglue
001180dc 00000020 T _exit
001180fc 00000140 T chdir
0011823c 000001c8 T _concatenate_path
00118404 0000009c T _fstat_r
001184a0 0000002c T __getreent
001184cc 00000030 T _gettimeofday_r
001184fc 000000a0 T __release_handle
0011859c 000000b0 T __alloc_handle
0011864c 00000058 T __get_handle
001186a4 00000110 T _close_r
001187b4 00000008 t null_write
001187bc 00000018 T setDefaultDevice
001187d4 00000098 T FindDevice
0011886c 00000024 T RemoveDevice
00118890 00000088 T AddDevice
00118918 00000020 T GetDeviceOpTab
00118938 00000008 T _isatty_r
00118940 00000094 T _lseek_r
001189d4 000000c0 T _open_r
00118a94 00000094 T _read_r
00118b28 00000078 W _sbrk_r
00118ba0 0000001c T __libc_lock_acquire
00118bbc 0000001c T __libc_lock_release
00118bd8 0000001c T __libc_lock_acquire_recursive
00118bf4 0000001c T __libc_lock_release_recursive
00118c10 00000094 T _write_r
00118ca4 00000048 T strrchr
00118cec T _fini
00119100 00000008 r s_defaultTint.0
00119200 R render2d_shbin
0011938c 00000004 r depthFmtSizes
0011938c R render2d_shbin_end
00119390 00000005 r colorFmtSizes
00119398 00000010 r CSWTCH.11
001193a8 00000038 r CSWTCH.19
001193e0 00000080 r romFS_devoptab
00119488 00000008 r morton_y.2
00119490 00000008 r morton_x.3
00119498 00000008 r s_sleepWakeEvents.4
001194a0 0000000c r serviceNameTable.5
001194d0 00000030 r error_table
00119500 00000080 r archive_devoptab
00119580 00000080 r npio2_hw
00119600 00000108 r two_over_pi
00119708 00000040 r PIo2
00119748 00000010 r init_jk
00119758 00000060 R __inv_pio4
001197b8 000000e0 R __sincosf_table
00119898 00000101 R _ctype_
0011999c 00000080 R dotab_stdnull
00119a1c R __tdata_align
00119a20 r __EH_FRAME_BEGIN__
00119a20 R __exidx_end
00119a20 R __exidx_start
0011a000 00000008 d framerateCounter
0011a008 00000004 d framerate
0011a00c 00000004 d queueLock
0011a010 00000004 d aptChainloadDeliverArgSize
0011a014 00000004 d kCount
0011a018 00000004 d kInterval
0011a01c 00000004 d kDelay
0011a020 W __stacksize__
0011a024 00000004 D _impure_ptr
0011a028 00000200 D _impure_data
0011a228 00000004 D __malloc_sbrk_base
0011a22c 00000004 D __malloc_trim_threshold
0011a230 00000408 D __malloc_av_
0011a638 0000000c D __sglue
0011a644 00000400 d _current_working_directory
0011aa48 00001000 d handles
0011ba48 0000000c d __stderr_handle
0011ba54 0000000c d __stdout_handle
0011ba60 0000000c d __stdin_handle
0011ba6c 0000008c D devoptab_list
0011baf8 00000004 d defaultDevice
0011bb04 d _GLOBAL_OFFSET_TABLE_
0011bb10 d __frame_dummy_init_array_entry
0011bb10 D __init_array_start
0011bb10 B __preinit_array_end
0011bb10 B __preinit_array_start
0011bb10 D __tdata_lma
0011bb10 D __tdata_lma_end
0011bb14 d __do_global_dtors_aux_fini_array_entry
0011bb14 D __fini_array_start
0011bb14 D __init_array_end
0011bb18 D __bss_start__
0011bb18 D __fini_array_end
0011bb18 00000004 B top
0011bb1c 00000004 B bottom
0011bb20 00000004 B spriteSheet
0011bb24 00000fa0 B sprites
0011cac4 00000004 B kDown
0011cac8 00000004 B kHeld
0011cacc 00000004 B kUp
0011cad0 00000004 B touchPos
0011cad4 00000004 B playerX
0011cad8 00000004 B playerY
0011cadc 00000004 B playerAngle
0011cae0 00000004 B pdx
0011cae4 00000004 B pdy
0011cae8 00000004 B playerSize
0011caec 00000004 B disT
0011caf0 00000004 B wall
0011caf4 00000004 B mapX
0011caf8 00000004 B mapY
0011cafc 00000004 B mapSize
0011cb00 00000100 B map
0011cc00 000005a8 B __C2Di_Context
0011d1a8 00000040 b s_projTop
0011d1e8 00000040 b s_projBot
0011d228 00000004 b uLoc_mdlvMtx
0011d22c 00000004 b uLoc_projMtx
0011d230 b completed.1
0011d234 b object.0
0011d24c 0000000c b hookCookie
0011d258 000002d0 B __C3D_Context
0011d528 00000004 b frameEndCbData
0011d52c 00000004 b frameEndCb
0011d530 00000008 b frameCounter
0011d538 00000001 b isTopStereo
0011d539 00000001 b needSwapBot
0011d53a 00000001 b needSwapTop
0011d53b 00000001 b measureGpuTime
0011d53c 00000001 b inSafeTransfer
0011d53d 00000001 b inFrame
0011d540 00000010 b cpuTime
0011d550 00000010 b gpuTime
0011d560 0000000c b linkedTarget
0011d56c 00000004 b lastTarget
0011d570 00000004 b firstTarget
0011d574 00000008 b C3Di_IVUnifEverDirty
0011d57c 000000c0 b C3Di_FVUnifEverDirty
0011d63c 00000018 b C3Di_ShaderFVecData
0011d654 00000002 B C3D_BoolUnifsDirty
0011d658 00000008 B C3D_IVUnifDirty
0011d660 000000c0 B C3D_FVUnifDirty
0011d720 00000004 B C3D_BoolUnifs
0011d724 00000020 B C3D_IVUnif
0011d744 00000c00 B C3D_FVUnif
0011e348 00000008 b sLinearPool
0011e350 0000000c b sAddrMap
0011e360 00000008 b sVramPoolB
0011e368 00000008 b sVramPoolA
0011e370 0000000c b sAddrMap
0011e37c 00000004 b screenAlloc
0011e380 00000004 b screenFree
0011e384 00000002 b gfxIsDoubleBuf
0011e388 00000002 b gfxCurBuf
0011e38a 00000001 b gfxIsVram
0011e38b 00000001 b gfxTopMode
0011e38c 00000002 b gfxFramebufferFormats
0011e390 00000004 b gfxBottomFramebufferMaxSize
0011e394 00000004 b gfxTopFramebufferMaxSize
0011e398 00000008 b gfxBottomFramebuffers
0011e3a0 00000008 b gfxTopFramebuffers
0011e3a8 00000001 V __ctru_speedup
0011e3ac 00000004 b romfs_mount_list
0011e3b0 00000004 V __romfs_path
0011e3b4 00000004 B gpuCmdBufOffset
0011e3b8 00000004 B gpuCmdBufSize
0011e3bc 00000004 B gpuCmdBuf
0011e3c0 00000004 b boundQueue
0011e3c4 00000001 b shouldStop
0011e3c5 00000001 b isRunning
0011e3c6 00000001 b isActive
0011e3c8 00000004 b curQueue
0011e3cc 00000001 b flagValue.0
0011e3cd 00000001 b flagInit.1
0011e3d0 00000004 b serviceName.6
0011e3d4 00000001 b aptChainloadFlags
0011e3d5 00000001 b aptChainloadMediatype
0011e3d8 00000020 b aptChainloadHmac
0011e3f8 00000300 b aptChainloadDeliverArg
0011e6f8 00000008 b aptChainloadTid
0011e700 00001000 b aptParameters
0011f700 00000004 b aptFlags
0011f704 00000001 b aptHomeButtonState
0011f708 00000004 b aptMessageFuncData
0011f70c 00000004 b aptMessageFunc
0011f710 0000000c b aptFirstHook
0011f71c 00000001 b aptEventHandlerThreadQuit
0011f720 00000004 b aptEventHandlerThread
0011f724 00000008 b aptSleepEvent
0011f72c 00000008 b aptReceiveEvent
0011f734 00000008 b aptEvents
0011f73c 00000004 b aptLockHandle
0011f740 00000004 b aptRefCount
0011f748 00000080 b fsExemptArchives
0011f7c8 00000004 b fsuRefCount
0011f7cc 00000004 b fsuHandle
0011f7d0 00000007 b gspEventCbOneShot
0011f7d8 0000001c b gspEventCbData
0011f7f4 0000001c b gspEventCb
0011f810 00000038 b gspEvents
0011f848 00000004 b gspLastEvent
0011f84c 00000001 b gspRunEvents
0011f850 00000004 b gspEventThread
0011f854 00000004 b gspEvent
0011f858 00000001 b gspGpuRight
0011f859 00000001 b gspThreadId
0011f85c 00000004 b gspSharedMem
0011f860 00000004 b gspSharedMemHandle
0011f864 00000004 b gspRefCount
0011f868 00000004 b gspGpuHandle
0011f86c 00000001 b usingIrrst
0011f870 00000004 b hidRefCount
0011f874 00000006 b gRate
0011f87c 00000006 b aVec
0011f884 00000004 b cPos
0011f888 00000004 b tPos
0011f88c 00000004 b kRepeat
0011f890 00000004 b kUp
0011f894 00000004 b kDown
0011f898 00000004 b kHeld
0011f89c 00000004 b kOld
0011f8a0 00000004 B hidSharedMem
0011f8a4 00000014 B hidEvents
0011f8b8 00000004 B hidMemHandle
0011f8bc 00000004 B hidHandle
0011f8c0 00000004 b irrstRefCount
0011f8c4 00000004 b csPos
0011f8c8 00000004 b kHeld
0011f8cc 00000004 B irrstSharedMem
0011f8d0 00000004 B irrstEvent
0011f8d4 00000004 B irrstMemHandle
0011f8d8 00000004 B irrstHandle
0011f8dc 00000004 b ptmSysmRefCount
0011f8e0 00000004 b ptmSysmHandle
0011f8e4 00000004 V __ctru_linear_heap_size
0011f8e8 00000004 V __ctru_heap_size
0011f8ec 00000004 B __ctru_linear_heap
0011f8f0 00000004 B __ctru_heap
0011f8f4 00000004 B __system_retAddr
0011f8f8 00000004 B __system_argv
0011f8fc 00000004 B __system_argc
0011f900 b saved_stack
0011f908 00000004 B __3dslink_host
0011f90c 00000004 b srvRefCount
0011f910 00000004 b srvHandle
0011f914 00000004 b arbiter
0011f918 00000004 b currentAddr
0011f91c 00000004 b maxAddr
0011f920 00000004 b minAddr
0011f924 00000004 b srvPmHandle
0011f928 000005c0 b archive_devices
0011fee8 00000004 b archive_device_cwd
0011feec 00000001 b archive_initialized
0011fef0 00000028 B __malloc_current_mallinfo
0011ff18 00000004 B __malloc_max_total_mem
0011ff1c 00000004 B __malloc_max_sbrked_mem
0011ff20 00000004 B __malloc_top_pad
0011ff24 0000000c b __sfp_recursive_mutex
0011ff30 00000168 B __sf
00120098 00000004 B __stdio_exit_handler
0012009c 0000000c b __malloc_recursive_mutex
001200a8 00000400 b temp_cwd
001204a8 00000004 b __hndl_lock
001204ac 00000004 B fake_heap_start
001204b0 00000004 B fake_heap_end
001204b4 00000004 b heap_start.0
001204b8 B __tls_start
001210c0 B __bss_end__
001210c0 A __end__
001210c0 B __tls_end
